CRITICAL - 2021-06-28 12:43:37 --> Undefined variable: nisn
#0 /home/BrondoL/Downloads/ppdb/app/Views/siswa/v_status/index.php(55): CodeIgniter\Debug\Exceptions->errorHandler(8, 'Undefined varia...', '/home/BrondoL/D...', 55, Array)
#1 /home/BrondoL/Downloads/ppdb/system/View/View.php(230): include('/home/BrondoL/D...')
#2 /home/BrondoL/Downloads/ppdb/system/View/View.php(232): CodeIgniter\View\View->CodeIgniter\View\{closure}()
#3 /home/BrondoL/Downloads/ppdb/system/Common.php(1271): CodeIgniter\View\View->render('siswa/v_status/...', Array, true)
#4 /home/BrondoL/Downloads/ppdb/app/Controllers/Daftar.php(83): view('siswa/v_status/...', Array)
#5 /home/BrondoL/Downloads/ppdb/system/CodeIgniter.php(928): App\Controllers\Daftar->status()
#6 /home/BrondoL/Downloads/ppdb/system/CodeIgniter.php(436): CodeIgniter\CodeIgniter->runController(Object(App\Controllers\Daftar))
#7 /home/BrondoL/Downloads/ppdb/system/CodeIgniter.php(336): CodeIgniter\CodeIgniter->handleRequest(NULL, Object(Config\Cache), false)
#8 /home/BrondoL/Downloads/ppdb/public/index.php(37): CodeIgniter\CodeIgniter->run()
#9 /home/BrondoL/Downloads/ppdb/system/Commands/Server/rewrite.php(45): require_once('/home/BrondoL/D...')
#10 {main}
CRITICAL - 2021-06-28 12:44:16 --> Undefined variable: nisn
#0 /home/BrondoL/Downloads/ppdb/app/Views/siswa/v_status/index.php(63): CodeIgniter\Debug\Exceptions->errorHandler(8, 'Undefined varia...', '/home/BrondoL/D...', 63, Array)
#1 /home/BrondoL/Downloads/ppdb/system/View/View.php(230): include('/home/BrondoL/D...')
#2 /home/BrondoL/Downloads/ppdb/system/View/View.php(232): CodeIgniter\View\View->CodeIgniter\View\{closure}()
#3 /home/BrondoL/Downloads/ppdb/system/Common.php(1271): CodeIgniter\View\View->render('siswa/v_status/...', Array, true)
#4 /home/BrondoL/Downloads/ppdb/app/Controllers/Daftar.php(83): view('siswa/v_status/...', Array)
#5 /home/BrondoL/Downloads/ppdb/system/CodeIgniter.php(928): App\Controllers\Daftar->status()
#6 /home/BrondoL/Downloads/ppdb/system/CodeIgniter.php(436): CodeIgniter\CodeIgniter->runController(Object(App\Controllers\Daftar))
#7 /home/BrondoL/Downloads/ppdb/system/CodeIgniter.php(336): CodeIgniter\CodeIgniter->handleRequest(NULL, Object(Config\Cache), false)
#8 /home/BrondoL/Downloads/ppdb/public/index.php(37): CodeIgniter\CodeIgniter->run()
#9 /home/BrondoL/Downloads/ppdb/system/Commands/Server/rewrite.php(45): require_once('/home/BrondoL/D...')
#10 {main}
CRITICAL - 2021-06-28 12:44:55 --> Undefined index: nama_peserta
#0 /home/BrondoL/Downloads/ppdb/app/Views/siswa/v_status/index.php(63): CodeIgniter\Debug\Exceptions->errorHandler(8, 'Undefined index...', '/home/BrondoL/D...', 63, Array)
#1 /home/BrondoL/Downloads/ppdb/system/View/View.php(230): include('/home/BrondoL/D...')
#2 /home/BrondoL/Downloads/ppdb/system/View/View.php(232): CodeIgniter\View\View->CodeIgniter\View\{closure}()
#3 /home/BrondoL/Downloads/ppdb/system/Common.php(1271): CodeIgniter\View\View->render('siswa/v_status/...', Array, true)
#4 /home/BrondoL/Downloads/ppdb/app/Controllers/Daftar.php(83): view('siswa/v_status/...', Array)
#5 /home/BrondoL/Downloads/ppdb/system/CodeIgniter.php(928): App\Controllers\Daftar->status()
#6 /home/BrondoL/Downloads/ppdb/system/CodeIgniter.php(436): CodeIgniter\CodeIgniter->runController(Object(App\Controllers\Daftar))
#7 /home/BrondoL/Downloads/ppdb/system/CodeIgniter.php(336): CodeIgniter\CodeIgniter->handleRequest(NULL, Object(Config\Cache), false)
#8 /home/BrondoL/Downloads/ppdb/public/index.php(37): CodeIgniter\CodeIgniter->run()
#9 /home/BrondoL/Downloads/ppdb/system/Commands/Server/rewrite.php(45): require_once('/home/BrondoL/D...')
#10 {main}
CRITICAL - 2021-06-28 13:36:15 --> Invalid file: siswa/v_layout/script.php
#0 /home/BrondoL/Downloads/ppdb/system/View/View.php(213): CodeIgniter\Exceptions\FrameworkException::forInvalidFile('siswa/v_layout/...')
#1 /home/BrondoL/Downloads/ppdb/system/View/View.php(487): CodeIgniter\View\View->render('siswa/v_layout/...', NULL, true)
#2 /home/BrondoL/Downloads/ppdb/app/Views/siswa/v_layout/index.php(5): CodeIgniter\View\View->include('siswa/v_layout/...')
#3 /home/BrondoL/Downloads/ppdb/system/View/View.php(230): include('/home/BrondoL/D...')
#4 /home/BrondoL/Downloads/ppdb/system/View/View.php(232): CodeIgniter\View\View->CodeIgniter\View\{closure}()
#5 /home/BrondoL/Downloads/ppdb/system/View/View.php(246): CodeIgniter\View\View->render('siswa/v_layout/...', Array, true)
#6 /home/BrondoL/Downloads/ppdb/system/Common.php(1271): CodeIgniter\View\View->render('siswa/v_status/...', Array, true)
#7 /home/BrondoL/Downloads/ppdb/app/Controllers/Daftar.php(83): view('siswa/v_status/...', Array)
#8 /home/BrondoL/Downloads/ppdb/system/CodeIgniter.php(928): App\Controllers\Daftar->status()
#9 /home/BrondoL/Downloads/ppdb/system/CodeIgniter.php(436): CodeIgniter\CodeIgniter->runController(Object(App\Controllers\Daftar))
#10 /home/BrondoL/Downloads/ppdb/system/CodeIgniter.php(336): CodeIgniter\CodeIgniter->handleRequest(NULL, Object(Config\Cache), false)
#11 /home/BrondoL/Downloads/ppdb/public/index.php(37): CodeIgniter\CodeIgniter->run()
#12 /home/BrondoL/Downloads/ppdb/system/Commands/Server/rewrite.php(45): require_once('/home/BrondoL/D...')
#13 {main}
CRITICAL - 2021-06-28 18:51:25 --> Undefined variable: public_path
#0 /home/BrondoL/Downloads/ppdb/app/Views/siswa/v_status/print.php(3): CodeIgniter\Debug\Exceptions->errorHandler(8, 'Undefined varia...', '/home/BrondoL/D...', 3, Array)
#1 /home/BrondoL/Downloads/ppdb/system/View/View.php(230): include('/home/BrondoL/D...')
#2 /home/BrondoL/Downloads/ppdb/system/View/View.php(232): CodeIgniter\View\View->CodeIgniter\View\{closure}()
#3 /home/BrondoL/Downloads/ppdb/system/Common.php(1271): CodeIgniter\View\View->render('siswa/v_status/...', Array, true)
#4 /home/BrondoL/Downloads/ppdb/app/Controllers/Daftar.php(96): view('siswa/v_status/...', Array)
#5 /home/BrondoL/Downloads/ppdb/system/CodeIgniter.php(928): App\Controllers\Daftar->print()
#6 /home/BrondoL/Downloads/ppdb/system/CodeIgniter.php(436): CodeIgniter\CodeIgniter->runController(Object(App\Controllers\Daftar))
#7 /home/BrondoL/Downloads/ppdb/system/CodeIgniter.php(336): CodeIgniter\CodeIgniter->handleRequest(NULL, Object(Config\Cache), false)
#8 /home/BrondoL/Downloads/ppdb/public/index.php(37): CodeIgniter\CodeIgniter->run()
#9 /home/BrondoL/Downloads/ppdb/system/Commands/Server/rewrite.php(45): require_once('/home/BrondoL/D...')
#10 {main}
CRITICAL - 2021-06-28 19:02:12 --> file_get_contents(http://localhost:8080/img/icon/qrcode.png): failed to open stream: HTTP request failed!
#0 [internal function]: CodeIgniter\Debug\Exceptions->errorHandler(2, 'file_get_conten...', '/home/BrondoL/D...', 13, Array)
#1 /home/BrondoL/Downloads/ppdb/app/Views/siswa/v_status/print.php(13): file_get_contents('http://localhos...')
#2 /home/BrondoL/Downloads/ppdb/system/View/View.php(230): include('/home/BrondoL/D...')
#3 /home/BrondoL/Downloads/ppdb/system/View/View.php(232): CodeIgniter\View\View->CodeIgniter\View\{closure}()
#4 /home/BrondoL/Downloads/ppdb/system/Common.php(1271): CodeIgniter\View\View->render('siswa/v_status/...', Array, true)
#5 /home/BrondoL/Downloads/ppdb/app/Controllers/Daftar.php(96): view('siswa/v_status/...', Array)
#6 /home/BrondoL/Downloads/ppdb/system/CodeIgniter.php(928): App\Controllers\Daftar->print()
#7 /home/BrondoL/Downloads/ppdb/system/CodeIgniter.php(436): CodeIgniter\CodeIgniter->runController(Object(App\Controllers\Daftar))
#8 /home/BrondoL/Downloads/ppdb/system/CodeIgniter.php(336): CodeIgniter\CodeIgniter->handleRequest(NULL, Object(Config\Cache), false)
#9 /home/BrondoL/Downloads/ppdb/public/index.php(37): CodeIgniter\CodeIgniter->run()
#10 /home/BrondoL/Downloads/ppdb/system/Commands/Server/rewrite.php(45): require_once('/home/BrondoL/D...')
#11 {main}
