CRITICAL - 2021-06-27 03:47:59 --> Invalid file: welcome_messages.php
#0 /home/BrondoL/Downloads/ppdb/system/View/View.php(213): CodeIgniter\Exceptions\FrameworkException::forInvalidFile('welcome_message...')
#1 /home/BrondoL/Downloads/ppdb/system/Common.php(1271): CodeIgniter\View\View->render('welcome_message...', Array, true)
#2 /home/BrondoL/Downloads/ppdb/app/Controllers/Home.php(9): view('welcome_message...')
#3 /home/BrondoL/Downloads/ppdb/system/CodeIgniter.php(928): App\Controllers\Home->index()
#4 /home/BrondoL/Downloads/ppdb/system/CodeIgniter.php(436): CodeIgniter\CodeIgniter->runController(Object(App\Controllers\Home))
#5 /home/BrondoL/Downloads/ppdb/system/CodeIgniter.php(336): CodeIgniter\CodeIgniter->handleRequest(NULL, Object(Config\Cache), false)
#6 /home/BrondoL/Downloads/ppdb/public/index.php(37): CodeIgniter\CodeIgniter->run()
#7 /home/BrondoL/Downloads/ppdb/system/Commands/Server/rewrite.php(45): require_once('/home/BrondoL/D...')
#8 {main}
CRITICAL - 2021-06-27 04:21:49 --> Undefined variable: p
#0 /home/BrondoL/Downloads/ppdb/app/Views/admin/v_user/index.php(32): CodeIgniter\Debug\Exceptions->errorHandler(8, 'Undefined varia...', '/home/BrondoL/D...', 32, Array)
#1 /home/BrondoL/Downloads/ppdb/system/View/View.php(230): include('/home/BrondoL/D...')
#2 /home/BrondoL/Downloads/ppdb/system/View/View.php(232): CodeIgniter\View\View->CodeIgniter\View\{closure}()
#3 /home/BrondoL/Downloads/ppdb/system/Common.php(1271): CodeIgniter\View\View->render('admin/v_user/in...', Array, true)
#4 /home/BrondoL/Downloads/ppdb/app/Controllers/User.php(16): view('admin/v_user/in...', Array)
#5 /home/BrondoL/Downloads/ppdb/system/CodeIgniter.php(928): App\Controllers\User->index()
#6 /home/BrondoL/Downloads/ppdb/system/CodeIgniter.php(436): CodeIgniter\CodeIgniter->runController(Object(App\Controllers\User))
#7 /home/BrondoL/Downloads/ppdb/system/CodeIgniter.php(336): CodeIgniter\CodeIgniter->handleRequest(NULL, Object(Config\Cache), false)
#8 /home/BrondoL/Downloads/ppdb/public/index.php(37): CodeIgniter\CodeIgniter->run()
#9 /home/BrondoL/Downloads/ppdb/system/Commands/Server/rewrite.php(45): require_once('/home/BrondoL/D...')
#10 {main}
CRITICAL - 2021-06-27 04:21:59 --> Undefined variable: p
#0 /home/BrondoL/Downloads/ppdb/app/Views/admin/v_user/index.php(32): CodeIgniter\Debug\Exceptions->errorHandler(8, 'Undefined varia...', '/home/BrondoL/D...', 32, Array)
#1 /home/BrondoL/Downloads/ppdb/system/View/View.php(230): include('/home/BrondoL/D...')
#2 /home/BrondoL/Downloads/ppdb/system/View/View.php(232): CodeIgniter\View\View->CodeIgniter\View\{closure}()
#3 /home/BrondoL/Downloads/ppdb/system/Common.php(1271): CodeIgniter\View\View->render('admin/v_user/in...', Array, true)
#4 /home/BrondoL/Downloads/ppdb/app/Controllers/User.php(16): view('admin/v_user/in...', Array)
#5 /home/BrondoL/Downloads/ppdb/system/CodeIgniter.php(928): App\Controllers\User->index()
#6 /home/BrondoL/Downloads/ppdb/system/CodeIgniter.php(436): CodeIgniter\CodeIgniter->runController(Object(App\Controllers\User))
#7 /home/BrondoL/Downloads/ppdb/system/CodeIgniter.php(336): CodeIgniter\CodeIgniter->handleRequest(NULL, Object(Config\Cache), false)
#8 /home/BrondoL/Downloads/ppdb/public/index.php(37): CodeIgniter\CodeIgniter->run()
#9 /home/BrondoL/Downloads/ppdb/system/Commands/Server/rewrite.php(45): require_once('/home/BrondoL/D...')
#10 {main}
CRITICAL - 2021-06-27 04:22:11 --> Undefined variable: p
#0 /home/BrondoL/Downloads/ppdb/app/Views/admin/v_user/index.php(32): CodeIgniter\Debug\Exceptions->errorHandler(8, 'Undefined varia...', '/home/BrondoL/D...', 32, Array)
#1 /home/BrondoL/Downloads/ppdb/system/View/View.php(230): include('/home/BrondoL/D...')
#2 /home/BrondoL/Downloads/ppdb/system/View/View.php(232): CodeIgniter\View\View->CodeIgniter\View\{closure}()
#3 /home/BrondoL/Downloads/ppdb/system/Common.php(1271): CodeIgniter\View\View->render('admin/v_user/in...', Array, true)
#4 /home/BrondoL/Downloads/ppdb/app/Controllers/User.php(16): view('admin/v_user/in...', Array)
#5 /home/BrondoL/Downloads/ppdb/system/CodeIgniter.php(928): App\Controllers\User->index()
#6 /home/BrondoL/Downloads/ppdb/system/CodeIgniter.php(436): CodeIgniter\CodeIgniter->runController(Object(App\Controllers\User))
#7 /home/BrondoL/Downloads/ppdb/system/CodeIgniter.php(336): CodeIgniter\CodeIgniter->handleRequest(NULL, Object(Config\Cache), false)
#8 /home/BrondoL/Downloads/ppdb/public/index.php(37): CodeIgniter\CodeIgniter->run()
#9 /home/BrondoL/Downloads/ppdb/system/Commands/Server/rewrite.php(45): require_once('/home/BrondoL/D...')
#10 {main}
CRITICAL - 2021-06-27 04:22:12 --> Undefined variable: p
#0 /home/BrondoL/Downloads/ppdb/app/Views/admin/v_user/index.php(32): CodeIgniter\Debug\Exceptions->errorHandler(8, 'Undefined varia...', '/home/BrondoL/D...', 32, Array)
#1 /home/BrondoL/Downloads/ppdb/system/View/View.php(230): include('/home/BrondoL/D...')
#2 /home/BrondoL/Downloads/ppdb/system/View/View.php(232): CodeIgniter\View\View->CodeIgniter\View\{closure}()
#3 /home/BrondoL/Downloads/ppdb/system/Common.php(1271): CodeIgniter\View\View->render('admin/v_user/in...', Array, true)
#4 /home/BrondoL/Downloads/ppdb/app/Controllers/User.php(16): view('admin/v_user/in...', Array)
#5 /home/BrondoL/Downloads/ppdb/system/CodeIgniter.php(928): App\Controllers\User->index()
#6 /home/BrondoL/Downloads/ppdb/system/CodeIgniter.php(436): CodeIgniter\CodeIgniter->runController(Object(App\Controllers\User))
#7 /home/BrondoL/Downloads/ppdb/system/CodeIgniter.php(336): CodeIgniter\CodeIgniter->handleRequest(NULL, Object(Config\Cache), false)
#8 /home/BrondoL/Downloads/ppdb/public/index.php(37): CodeIgniter\CodeIgniter->run()
#9 /home/BrondoL/Downloads/ppdb/system/Commands/Server/rewrite.php(45): require_once('/home/BrondoL/D...')
#10 {main}
CRITICAL - 2021-06-27 06:03:11 --> Invalid file: admin/v_user/edit.php
#0 /home/BrondoL/Downloads/ppdb/system/View/View.php(213): CodeIgniter\Exceptions\FrameworkException::forInvalidFile('admin/v_user/ed...')
#1 /home/BrondoL/Downloads/ppdb/system/Common.php(1271): CodeIgniter\View\View->render('admin/v_user/ed...', Array, true)
#2 /home/BrondoL/Downloads/ppdb/app/Controllers/User.php(37): view('admin/v_user/ed...', Array)
#3 /home/BrondoL/Downloads/ppdb/system/CodeIgniter.php(928): App\Controllers\User->form_edit()
#4 /home/BrondoL/Downloads/ppdb/system/CodeIgniter.php(436): CodeIgniter\CodeIgniter->runController(Object(App\Controllers\User))
#5 /home/BrondoL/Downloads/ppdb/system/CodeIgniter.php(336): CodeIgniter\CodeIgniter->handleRequest(NULL, Object(Config\Cache), false)
#6 /home/BrondoL/Downloads/ppdb/public/index.php(37): CodeIgniter\CodeIgniter->run()
#7 /home/BrondoL/Downloads/ppdb/system/Commands/Server/rewrite.php(45): require_once('/home/BrondoL/D...')
#8 {main}
CRITICAL - 2021-06-27 06:09:45 --> Undefined property: App\Controllers\User::$PegawaiModel
#0 /home/BrondoL/Downloads/ppdb/app/Controllers/User.php(62): CodeIgniter\Debug\Exceptions->errorHandler(8, 'Undefined prope...', '/home/BrondoL/D...', 62, Array)
#1 /home/BrondoL/Downloads/ppdb/system/CodeIgniter.php(928): App\Controllers\User->edit()
#2 /home/BrondoL/Downloads/ppdb/system/CodeIgniter.php(436): CodeIgniter\CodeIgniter->runController(Object(App\Controllers\User))
#3 /home/BrondoL/Downloads/ppdb/system/CodeIgniter.php(336): CodeIgniter\CodeIgniter->handleRequest(NULL, Object(Config\Cache), false)
#4 /home/BrondoL/Downloads/ppdb/public/index.php(37): CodeIgniter\CodeIgniter->run()
#5 /home/BrondoL/Downloads/ppdb/system/Commands/Server/rewrite.php(45): require_once('/home/BrondoL/D...')
#6 {main}
CRITICAL - 2021-06-27 07:10:27 --> View themes, no current section.
#0 /home/BrondoL/Downloads/ppdb/app/Views/admin/v_pendaftaran/index.php(129): CodeIgniter\View\View->endSection()
#1 /home/BrondoL/Downloads/ppdb/system/View/View.php(230): include('/home/BrondoL/D...')
#2 /home/BrondoL/Downloads/ppdb/system/View/View.php(232): CodeIgniter\View\View->CodeIgniter\View\{closure}()
#3 /home/BrondoL/Downloads/ppdb/system/Common.php(1271): CodeIgniter\View\View->render('admin/v_pendaft...', Array, true)
#4 /home/BrondoL/Downloads/ppdb/app/Controllers/Info.php(16): view('admin/v_pendaft...', Array)
#5 /home/BrondoL/Downloads/ppdb/system/CodeIgniter.php(928): App\Controllers\Info->index()
#6 /home/BrondoL/Downloads/ppdb/system/CodeIgniter.php(436): CodeIgniter\CodeIgniter->runController(Object(App\Controllers\Info))
#7 /home/BrondoL/Downloads/ppdb/system/CodeIgniter.php(336): CodeIgniter\CodeIgniter->handleRequest(NULL, Object(Config\Cache), false)
#8 /home/BrondoL/Downloads/ppdb/public/index.php(37): CodeIgniter\CodeIgniter->run()
#9 /home/BrondoL/Downloads/ppdb/system/Commands/Server/rewrite.php(45): require_once('/home/BrondoL/D...')
#10 {main}
CRITICAL - 2021-06-27 11:01:53 --> Undefined variable: keterangan
#0 /home/BrondoL/Downloads/ppdb/app/Views/admin/v_pendaftaran/detail.php(92): CodeIgniter\Debug\Exceptions->errorHandler(8, 'Undefined varia...', '/home/BrondoL/D...', 92, Array)
#1 /home/BrondoL/Downloads/ppdb/system/View/View.php(230): include('/home/BrondoL/D...')
#2 /home/BrondoL/Downloads/ppdb/system/View/View.php(232): CodeIgniter\View\View->CodeIgniter\View\{closure}()
#3 /home/BrondoL/Downloads/ppdb/system/Common.php(1271): CodeIgniter\View\View->render('admin/v_pendaft...', Array, true)
#4 /home/BrondoL/Downloads/ppdb/app/Controllers/Info.php(109): view('admin/v_pendaft...', Array)
#5 /home/BrondoL/Downloads/ppdb/system/CodeIgniter.php(928): App\Controllers\Info->show_detail()
#6 /home/BrondoL/Downloads/ppdb/system/CodeIgniter.php(436): CodeIgniter\CodeIgniter->runController(Object(App\Controllers\Info))
#7 /home/BrondoL/Downloads/ppdb/system/CodeIgniter.php(336): CodeIgniter\CodeIgniter->handleRequest(NULL, Object(Config\Cache), false)
#8 /home/BrondoL/Downloads/ppdb/public/index.php(37): CodeIgniter\CodeIgniter->run()
#9 /home/BrondoL/Downloads/ppdb/system/Commands/Server/rewrite.php(45): require_once('/home/BrondoL/D...')
#10 {main}
CRITICAL - 2021-06-27 11:01:54 --> Undefined variable: keterangan
#0 /home/BrondoL/Downloads/ppdb/app/Views/admin/v_pendaftaran/detail.php(92): CodeIgniter\Debug\Exceptions->errorHandler(8, 'Undefined varia...', '/home/BrondoL/D...', 92, Array)
#1 /home/BrondoL/Downloads/ppdb/system/View/View.php(230): include('/home/BrondoL/D...')
#2 /home/BrondoL/Downloads/ppdb/system/View/View.php(232): CodeIgniter\View\View->CodeIgniter\View\{closure}()
#3 /home/BrondoL/Downloads/ppdb/system/Common.php(1271): CodeIgniter\View\View->render('admin/v_pendaft...', Array, true)
#4 /home/BrondoL/Downloads/ppdb/app/Controllers/Info.php(109): view('admin/v_pendaft...', Array)
#5 /home/BrondoL/Downloads/ppdb/system/CodeIgniter.php(928): App\Controllers\Info->show_detail()
#6 /home/BrondoL/Downloads/ppdb/system/CodeIgniter.php(436): CodeIgniter\CodeIgniter->runController(Object(App\Controllers\Info))
#7 /home/BrondoL/Downloads/ppdb/system/CodeIgniter.php(336): CodeIgniter\CodeIgniter->handleRequest(NULL, Object(Config\Cache), false)
#8 /home/BrondoL/Downloads/ppdb/public/index.php(37): CodeIgniter\CodeIgniter->run()
#9 /home/BrondoL/Downloads/ppdb/system/Commands/Server/rewrite.php(45): require_once('/home/BrondoL/D...')
#10 {main}
CRITICAL - 2021-06-27 11:29:54 --> Invalid file: admin/pegawai/update.php
#0 /home/BrondoL/Downloads/ppdb/system/View/View.php(213): CodeIgniter\Exceptions\FrameworkException::forInvalidFile('admin/pegawai/u...')
#1 /home/BrondoL/Downloads/ppdb/system/Common.php(1271): CodeIgniter\View\View->render('admin/pegawai/u...', Array, true)
#2 /home/BrondoL/Downloads/ppdb/app/Controllers/Info.php(49): view('admin/pegawai/u...', Array)
#3 /home/BrondoL/Downloads/ppdb/system/CodeIgniter.php(928): App\Controllers\Info->form_edit()
#4 /home/BrondoL/Downloads/ppdb/system/CodeIgniter.php(436): CodeIgniter\CodeIgniter->runController(Object(App\Controllers\Info))
#5 /home/BrondoL/Downloads/ppdb/system/CodeIgniter.php(336): CodeIgniter\CodeIgniter->handleRequest(NULL, Object(Config\Cache), false)
#6 /home/BrondoL/Downloads/ppdb/public/index.php(37): CodeIgniter\CodeIgniter->run()
#7 /home/BrondoL/Downloads/ppdb/system/Commands/Server/rewrite.php(45): require_once('/home/BrondoL/D...')
#8 {main}
